[12-05-2020 11:34:26] PayPal\Core\PayPalHttpConnection : INFO: POST https://api.sandbox.paypal.com/v1/oauth2/token
[12-05-2020 11:34:28] PayPal\Core\PayPalHttpConnection : INFO: Response Status 	: 200
[12-05-2020 11:34:28] PayPal\Core\PayPalHttpConnection : INFO: POST https://api.sandbox.paypal.com/v1/payments/payment
[12-05-2020 11:34:52] PayPal\Core\PayPalHttpConnection : INFO: Response Status 	: 201
[12-05-2020 11:34:52] PayPal\Core\PayPalHttpConnection : INFO: POST https://api.sandbox.paypal.com/v1/oauth2/token
[12-05-2020 11:34:54] PayPal\Core\PayPalHttpConnection : INFO: Response Status 	: 200
[12-05-2020 11:34:54] PayPal\Core\PayPalHttpConnection : INFO: POST https://api.sandbox.paypal.com/v1/payments/payment
[12-05-2020 11:35:20] PayPal\Core\PayPalHttpConnection : INFO: Response Status 	: 201
[12-05-2020 11:35:20] PayPal\Core\PayPalHttpConnection : INFO: POST https://api.sandbox.paypal.com/v1/oauth2/token
[12-05-2020 11:35:22] PayPal\Core\PayPalHttpConnection : INFO: Response Status 	: 200
[12-05-2020 11:35:22] PayPal\Core\PayPalHttpConnection : INFO: POST https://api.sandbox.paypal.com/v1/payments/payment
[12-05-2020 11:35:43] PayPal\Core\PayPalHttpConnection : INFO: Response Status 	: 201
[12-05-2020 11:43:39] PayPal\Core\PayPalHttpConnection : INFO: POST https://api.sandbox.paypal.com/v1/oauth2/token
[12-05-2020 11:43:40] PayPal\Core\PayPalHttpConnection : INFO: Response Status 	: 200
[12-05-2020 11:43:40] PayPal\Core\PayPalHttpConnection : INFO: POST https://api.sandbox.paypal.com/v1/payments/payment
[12-05-2020 11:44:06] PayPal\Core\PayPalHttpConnection : INFO: Response Status 	: 201
[12-05-2020 11:45:00] PayPal\Core\PayPalHttpConnection : INFO: POST https://api.sandbox.paypal.com/v1/oauth2/token
[12-05-2020 11:45:01] PayPal\Core\PayPalHttpConnection : INFO: Response Status 	: 200
[12-05-2020 11:45:01] PayPal\Core\PayPalHttpConnection : INFO: POST https://api.sandbox.paypal.com/v1/payments/payment
[12-05-2020 11:45:03] PayPal\Core\PayPalHttpConnection : INFO: Response Status 	: 400
[12-05-2020 11:45:03] PayPal\Core\PayPalHttpConnection : ERROR: Got Http response code 400 when accessing https://api.sandbox.paypal.com/v1/payments/payment. {"name":"VALIDATION_ERROR","details":[{"field":"transactions","issue":"Item amount must add up to specified amount subtotal (or total if amount details not specified)."}],"message":"Invalid request. See details.","information_link":"https://developer.paypal.com/docs/api/payments/#errors","debug_id":"1c259b7f081ff"}
[12-05-2020 11:46:04] PayPal\Core\PayPalHttpConnection : INFO: POST https://api.sandbox.paypal.com/v1/oauth2/token
[12-05-2020 11:46:05] PayPal\Core\PayPalHttpConnection : INFO: Response Status 	: 200
[12-05-2020 11:46:05] PayPal\Core\PayPalHttpConnection : INFO: POST https://api.sandbox.paypal.com/v1/payments/payment
[12-05-2020 11:46:06] PayPal\Core\PayPalHttpConnection : INFO: Response Status 	: 400
[12-05-2020 11:46:06] PayPal\Core\PayPalHttpConnection : ERROR: Got Http response code 400 when accessing https://api.sandbox.paypal.com/v1/payments/payment. {"name":"VALIDATION_ERROR","details":[{"field":"transactions","issue":"Item amount must add up to specified amount subtotal (or total if amount details not specified)."}],"message":"Invalid request. See details.","information_link":"https://developer.paypal.com/docs/api/payments/#errors","debug_id":"bea089dc5708e"}
[12-05-2020 11:46:28] PayPal\Core\PayPalHttpConnection : INFO: POST https://api.sandbox.paypal.com/v1/oauth2/token
[12-05-2020 11:46:30] PayPal\Core\PayPalHttpConnection : INFO: Response Status 	: 200
[12-05-2020 11:46:30] PayPal\Core\PayPalHttpConnection : INFO: POST https://api.sandbox.paypal.com/v1/payments/payment
[12-05-2020 11:46:55] PayPal\Core\PayPalHttpConnection : INFO: Response Status 	: 201
[12-05-2020 11:55:08] PayPal\Core\PayPalHttpConnection : INFO: POST https://api.sandbox.paypal.com/v1/oauth2/token
[12-05-2020 11:55:11] PayPal\Core\PayPalHttpConnection : INFO: Response Status 	: 200
[12-05-2020 11:55:11] PayPal\Core\PayPalHttpConnection : INFO: POST https://api.sandbox.paypal.com/v1/payments/payment
[12-05-2020 11:55:37] PayPal\Core\PayPalHttpConnection : INFO: Response Status 	: 201
[12-05-2020 11:58:16] PayPal\Core\PayPalHttpConnection : INFO: POST https://api.sandbox.paypal.com/v1/oauth2/token
[12-05-2020 11:58:17] PayPal\Core\PayPalHttpConnection : INFO: Response Status 	: 200
[12-05-2020 11:58:17] PayPal\Core\PayPalHttpConnection : INFO: POST https://api.sandbox.paypal.com/v1/payments/payment
[12-05-2020 11:58:19] PayPal\Core\PayPalHttpConnection : INFO: Response Status 	: 400
[12-05-2020 11:58:19] PayPal\Core\PayPalHttpConnection : ERROR: Got Http response code 400 when accessing https://api.sandbox.paypal.com/v1/payments/payment. {"name":"VALIDATION_ERROR","details":[{"field":"transactions","issue":"Item amount must add up to specified amount subtotal (or total if amount details not specified)."}],"message":"Invalid request. See details.","information_link":"https://developer.paypal.com/docs/api/payments/#errors","debug_id":"41982b143acf5"}
[12-05-2020 12:00:09] PayPal\Core\PayPalHttpConnection : INFO: POST https://api.sandbox.paypal.com/v1/oauth2/token
[12-05-2020 12:00:13] PayPal\Core\PayPalHttpConnection : INFO: Response Status 	: 200
[12-05-2020 12:00:13] PayPal\Core\PayPalHttpConnection : INFO: POST https://api.sandbox.paypal.com/v1/payments/payment
[12-05-2020 12:00:37] PayPal\Core\PayPalHttpConnection : INFO: Response Status 	: 201
[12-05-2020 05:29:08] PayPal\Core\PayPalHttpConnection : INFO: POST https://api.sandbox.paypal.com/v1/oauth2/token
[12-05-2020 05:29:10] PayPal\Core\PayPalHttpConnection : INFO: Response Status 	: 200
[12-05-2020 05:29:10] PayPal\Core\PayPalHttpConnection : INFO: POST https://api.sandbox.paypal.com/v1/payments/payment
[12-05-2020 05:29:34] PayPal\Core\PayPalHttpConnection : INFO: Response Status 	: 201
[12-05-2020 05:51:02] PayPal\Core\PayPalHttpConnection : INFO: POST https://api.sandbox.paypal.com/v1/oauth2/token
[12-05-2020 05:51:04] PayPal\Core\PayPalHttpConnection : INFO: Response Status 	: 200
[12-05-2020 05:51:04] PayPal\Core\PayPalHttpConnection : INFO: POST https://api.sandbox.paypal.com/v1/payments/payment
[12-05-2020 05:51:05] PayPal\Core\PayPalHttpConnection : INFO: Response Status 	: 400
[12-05-2020 05:51:05] PayPal\Core\PayPalHttpConnection : ERROR: Got Http response code 400 when accessing https://api.sandbox.paypal.com/v1/payments/payment. {"name":"VALIDATION_ERROR","details":[{"field":"transactions[0].amount","issue":"Transaction amount details (subtotal, tax, shipping) must add up to specified amount total."}],"message":"Invalid request. See details.","information_link":"https://developer.paypal.com/docs/api/payments/#errors","debug_id":"bd417f51b23af"}
[12-05-2020 05:51:21] PayPal\Core\PayPalHttpConnection : INFO: POST https://api.sandbox.paypal.com/v1/oauth2/token
[12-05-2020 05:51:22] PayPal\Core\PayPalHttpConnection : INFO: Response Status 	: 200
[12-05-2020 05:51:22] PayPal\Core\PayPalHttpConnection : INFO: POST https://api.sandbox.paypal.com/v1/payments/payment
[12-05-2020 05:51:46] PayPal\Core\PayPalHttpConnection : INFO: Response Status 	: 201
[12-05-2020 06:24:36] PayPal\Core\PayPalHttpConnection : INFO: POST https://api.sandbox.paypal.com/v1/oauth2/token
[12-05-2020 06:24:38] PayPal\Core\PayPalHttpConnection : INFO: Response Status 	: 200
[12-05-2020 06:24:38] PayPal\Core\PayPalHttpConnection : INFO: POST https://api.sandbox.paypal.com/v1/payments/payment
[12-05-2020 06:25:10] PayPal\Core\PayPalHttpConnection : INFO: Response Status 	: 201
[12-05-2020 08:41:31] PayPal\Core\PayPalHttpConnection : INFO: POST https://api.sandbox.paypal.com/v1/oauth2/token
[12-05-2020 08:41:34] PayPal\Core\PayPalHttpConnection : INFO: Response Status 	: 200
[12-05-2020 08:41:34] PayPal\Core\PayPalHttpConnection : INFO: POST https://api.sandbox.paypal.com/v1/payments/payment
[12-05-2020 08:41:59] PayPal\Core\PayPalHttpConnection : INFO: Response Status 	: 201
